<?xml version="1.0" encoding="UTF-8"?>
<!-- Generated by org.testng.reporters.JUnitXMLReporter -->
<testsuite hostname="IN-5CG0031HST" ignored="0" name="Test" tests="3" failures="0" timestamp="10 Apr 2020 05:08:55 GMT" time="55.898" errors="0">
  <testcase name="TC01" time="24.052" classname="com.google.pages.GoogleSearchTC1"/>
  <testcase name="TC01" time="15.945" classname="com.google.pages.GoogleSearchTC2"/>
  <testcase name="TC01" time="15.848" classname="com.google.pages.GoogleSearchTC3"/>
</testsuite> <!-- Test -->
