<?xml version="1.0" encoding="UTF-8"?>
<testng-results skipped="0" failed="0" ignored="0" total="3" passed="3">
  <reporter-output>
  </reporter-output>
  <suite name="Suite" duration-ms="55898" started-at="2020-04-10T05:07:59Z" finished-at="2020-04-10T05:08:55Z">
    <groups>
    </groups>
    <test name="Test" duration-ms="55898" started-at="2020-04-10T05:07:59Z" finished-at="2020-04-10T05:08:55Z">
      <class name="com.google.pages.GoogleSearchTC3">
        <test-method status="PASS" signature="TC01()[pri:0, instance:com.google.pages.GoogleSearchTC3@1209079]" name="TC01" duration-ms="15848" started-at="2020-04-10T10:38:39Z" finished-at="2020-04-10T10:38:55Z">
          <reporter-output>
          </reporter-output>
        </test-method> <!-- TC01 -->
      </class> <!-- com.google.pages.GoogleSearchTC3 -->
      <class name="com.google.pages.GoogleSearchTC2">
        <test-method status="PASS" signature="TC01()[pri:0, instance:com.google.pages.GoogleSearchTC2@17c7260]" name="TC01" duration-ms="15945" started-at="2020-04-10T10:38:23Z" finished-at="2020-04-10T10:38:39Z">
          <reporter-output>
          </reporter-output>
        </test-method> <!-- TC01 -->
      </class> <!-- com.google.pages.GoogleSearchTC2 -->
      <class name="com.google.pages.GoogleSearchTC1">
        <test-method status="PASS" signature="TC01()[pri:0, instance:com.google.pages.GoogleSearchTC1@d041cf]" name="TC01" duration-ms="24052" started-at="2020-04-10T10:37:59Z" finished-at="2020-04-10T10:38:23Z">
          <reporter-output>
          </reporter-output>
        </test-method> <!-- TC01 -->
      </class> <!-- com.google.pages.GoogleSearchTC1 -->
    </test> <!-- Test -->
  </suite> <!-- Suite -->
</testng-results>
